<?xml version="1.0" encoding="UTF-8"?>
<coverage generated="1738321124101" clover="3.2.0">
  <project timestamp="1738321124102" name="All files">
    <metrics statements="46" coveredstatements="46" conditionals="12" coveredconditionals="11" methods="17" coveredmethods="17" elements="75" coveredelements="74" complexity="0" loc="46" ncloc="46" packages="2" files="6" classes="6"/>
    <package name="src">
      <metrics statements="14" coveredstatements="14" conditionals="2" coveredconditionals="2" methods="4" coveredmethods="4"/>
      <file name="App.jsx" path="C:\Users\fbada\Desktop\CF\WD\CF-ohletsmeet\src\App.jsx">
        <metrics statements="13" coveredstatements="13" conditionals="2" coveredconditionals="2" methods="4" coveredmethods="4"/>
        <line num="13" count="32" type="stmt"/>
        <line num="14" count="30" type="stmt"/>
        <line num="15" count="30" type="stmt"/>
        <line num="16" count="30" type="stmt"/>
        <line num="18" count="30" type="stmt"/>
        <line num="19" count="17" type="stmt"/>
        <line num="20" count="17" type="cond" truecount="2" falsecount="0"/>
        <line num="22" count="35" type="stmt"/>
        <line num="23" count="17" type="stmt"/>
        <line num="24" count="17" type="stmt"/>
        <line num="27" count="30" type="stmt"/>
        <line num="28" count="17" type="stmt"/>
        <line num="31" count="30" type="stmt"/>
      </file>
      <file name="mock-data.js" path="C:\Users\fbada\Desktop\CF\WD\CF-ohletsmeet\src\mock-data.js">
        <metrics statements="1" coveredstatements="1" conditionals="0" coveredconditionals="0" methods="0" coveredmethods="0"/>
        <line num="3" count="5" type="stmt"/>
      </file>
    </package>
    <package name="src.components">
      <metrics statements="32" coveredstatements="32" conditionals="10" coveredconditionals="9" methods="13" coveredmethods="13"/>
      <file name="CitySearch.jsx" path="C:\Users\fbada\Desktop\CF\WD\CF-ohletsmeet\src\components\CitySearch.jsx">
        <metrics statements="20" coveredstatements="20" conditionals="4" coveredconditionals="3" methods="7" coveredmethods="7"/>
        <line num="3" count="4" type="stmt"/>
        <line num="4" count="81" type="stmt"/>
        <line num="5" count="81" type="stmt"/>
        <line num="6" count="81" type="stmt"/>
        <line num="8" count="81" type="stmt"/>
        <line num="9" count="19" type="stmt"/>
        <line num="12" count="81" type="stmt"/>
        <line num="13" count="18" type="stmt"/>
        <line num="14" count="18" type="cond" truecount="1" falsecount="1"/>
        <line num="15" count="36" type="stmt"/>
        <line num="19" count="18" type="stmt"/>
        <line num="20" count="18" type="stmt"/>
        <line num="23" count="81" type="stmt"/>
        <line num="24" count="2" type="stmt"/>
        <line num="25" count="2" type="stmt"/>
        <line num="26" count="2" type="stmt"/>
        <line num="27" count="2" type="stmt"/>
        <line num="30" count="81" type="stmt"/>
        <line num="32" count="5" type="stmt"/>
        <line num="36" count="26" type="stmt"/>
      </file>
      <file name="Event.jsx" path="C:\Users\fbada\Desktop\CF\WD\CF-ohletsmeet\src\components\Event.jsx">
        <metrics statements="6" coveredstatements="6" conditionals="4" coveredconditionals="4" methods="2" coveredmethods="2"/>
        <line num="3" count="5" type="stmt"/>
        <line num="4" count="357" type="stmt"/>
        <line num="5" count="357" type="stmt"/>
        <line num="6" count="357" type="stmt"/>
        <line num="9" count="357" type="stmt"/>
        <line num="15" count="3" type="stmt"/>
      </file>
      <file name="EventList.jsx" path="C:\Users\fbada\Desktop\CF\WD\CF-ohletsmeet\src\components\EventList.jsx">
        <metrics statements="3" coveredstatements="3" conditionals="2" coveredconditionals="2" methods="2" coveredmethods="2"/>
        <line num="5" count="4" type="stmt"/>
        <line num="6" count="38" type="stmt"/>
        <line num="8" count="346" type="cond" truecount="2" falsecount="0"/>
      </file>
      <file name="NumberOfEvents.jsx" path="C:\Users\fbada\Desktop\CF\WD\CF-ohletsmeet\src\components\NumberOfEvents.jsx">
        <metrics statements="3" coveredstatements="3" conditionals="0" coveredconditionals="0" methods="2" coveredmethods="2"/>
        <line num="3" count="4" type="stmt"/>
        <line num="5" count="33" type="stmt"/>
        <line num="15" count="8" type="stmt"/>
      </file>
    </package>
  </project>
</coverage>
