<?xml version="1.0" encoding="UTF-8"?>
<coverage generated="1739353962966" clover="3.2.0">
  <project timestamp="1739353962967" name="All files">
    <metrics statements="96" coveredstatements="95" conditionals="34" coveredconditionals="32" methods="29" coveredmethods="29" elements="159" coveredelements="156" complexity="0" loc="96" ncloc="96" packages="2" files="9" classes="9"/>
    <package name="src">
      <metrics statements="24" coveredstatements="23" conditionals="12" coveredconditionals="11" methods="4" coveredmethods="4"/>
      <file name="App.jsx" path="C:\Users\fbada\Desktop\CF\WD\CF-ohletsmeet\src\App.jsx">
        <metrics statements="23" coveredstatements="22" conditionals="12" coveredconditionals="11" methods="4" coveredmethods="4"/>
        <line num="17" count="50" type="stmt"/>
        <line num="18" count="46" type="stmt"/>
        <line num="19" count="46" type="stmt"/>
        <line num="20" count="46" type="stmt"/>
        <line num="21" count="46" type="stmt"/>
        <line num="22" count="46" type="stmt"/>
        <line num="23" count="46" type="stmt"/>
        <line num="24" count="46" type="stmt"/>
        <line num="26" count="46" type="stmt"/>
        <line num="27" count="24" type="stmt"/>
        <line num="28" count="24" type="stmt"/>
        <line num="29" count="24" type="cond" truecount="2" falsecount="0"/>
        <line num="31" count="35" type="stmt"/>
        <line num="32" count="24" type="stmt"/>
        <line num="33" count="24" type="stmt"/>
        <line num="35" count="0" type="stmt"/>
        <line num="37" count="24" type="stmt"/>
        <line num="41" count="46" type="stmt"/>
        <line num="42" count="24" type="cond" truecount="2" falsecount="0"/>
        <line num="43" count="1" type="stmt"/>
        <line num="45" count="23" type="stmt"/>
        <line num="47" count="24" type="stmt"/>
        <line num="50" count="46" type="stmt"/>
      </file>
      <file name="mock-data.js" path="C:\Users\fbada\Desktop\CF\WD\CF-ohletsmeet\src\mock-data.js">
        <metrics statements="1" coveredstatements="1" conditionals="0" coveredconditionals="0" methods="0" coveredmethods="0"/>
        <line num="3" count="8" type="stmt"/>
      </file>
    </package>
    <package name="src.components">
      <metrics statements="72" coveredstatements="72" conditionals="22" coveredconditionals="21" methods="25" coveredmethods="25"/>
      <file name="Alert.jsx" path="C:\Users\fbada\Desktop\CF\WD\CF-ohletsmeet\src\components\Alert.jsx">
        <metrics statements="15" coveredstatements="15" conditionals="0" coveredconditionals="0" methods="6" coveredmethods="6"/>
        <line num="6" count="6" type="stmt"/>
        <line num="7" count="6" type="stmt"/>
        <line num="8" count="6" type="stmt"/>
        <line num="11" count="6" type="stmt"/>
        <line num="12" count="10" type="stmt"/>
        <line num="28" count="10" type="stmt"/>
        <line num="40" count="3" type="stmt"/>
        <line num="41" count="3" type="stmt"/>
        <line num="42" count="3" type="stmt"/>
        <line num="48" count="1" type="stmt"/>
        <line num="49" count="1" type="stmt"/>
        <line num="50" count="1" type="stmt"/>
        <line num="56" count="2" type="stmt"/>
        <line num="57" count="2" type="stmt"/>
        <line num="58" count="2" type="stmt"/>
      </file>
      <file name="CityEventsChart.jsx" path="C:\Users\fbada\Desktop\CF\WD\CF-ohletsmeet\src\components\CityEventsChart.jsx">
        <metrics statements="11" coveredstatements="11" conditionals="0" coveredconditionals="0" methods="5" coveredmethods="5"/>
        <line num="15" count="7" type="stmt"/>
        <line num="16" count="77" type="stmt"/>
        <line num="18" count="77" type="stmt"/>
        <line num="19" count="37" type="stmt"/>
        <line num="22" count="77" type="stmt"/>
        <line num="23" count="37" type="stmt"/>
        <line num="24" count="892" type="stmt"/>
        <line num="25" count="32" type="stmt"/>
        <line num="26" count="32" type="stmt"/>
        <line num="28" count="37" type="stmt"/>
        <line num="31" count="77" type="stmt"/>
      </file>
      <file name="CitySearch.jsx" path="C:\Users\fbada\Desktop\CF\WD\CF-ohletsmeet\src\components\CitySearch.jsx">
        <metrics statements="25" coveredstatements="25" conditionals="8" coveredconditionals="8" methods="7" coveredmethods="7"/>
        <line num="3" count="7" type="stmt"/>
        <line num="4" count="180" type="stmt"/>
        <line num="5" count="180" type="stmt"/>
        <line num="6" count="180" type="stmt"/>
        <line num="8" count="180" type="stmt"/>
        <line num="9" count="54" type="cond" truecount="2" falsecount="0"/>
        <line num="12" count="180" type="stmt"/>
        <line num="13" count="56" type="stmt"/>
        <line num="14" count="56" type="cond" truecount="2" falsecount="0"/>
        <line num="15" count="96" type="stmt"/>
        <line num="18" count="56" type="stmt"/>
        <line num="19" count="56" type="stmt"/>
        <line num="22" count="56" type="cond" truecount="2" falsecount="0"/>
        <line num="23" count="8" type="stmt"/>
        <line num="25" count="48" type="stmt"/>
        <line num="27" count="56" type="stmt"/>
        <line num="30" count="180" type="stmt"/>
        <line num="31" count="5" type="stmt"/>
        <line num="32" count="5" type="stmt"/>
        <line num="33" count="5" type="stmt"/>
        <line num="34" count="5" type="stmt"/>
        <line num="35" count="5" type="stmt"/>
        <line num="38" count="180" type="stmt"/>
        <line num="40" count="11" type="stmt"/>
        <line num="44" count="66" type="stmt"/>
      </file>
      <file name="Event.jsx" path="C:\Users\fbada\Desktop\CF\WD\CF-ohletsmeet\src\components\Event.jsx">
        <metrics statements="5" coveredstatements="5" conditionals="4" coveredconditionals="4" methods="2" coveredmethods="2"/>
        <line num="3" count="8" type="stmt"/>
        <line num="4" count="592" type="stmt"/>
        <line num="5" count="592" type="stmt"/>
        <line num="8" count="592" type="stmt"/>
        <line num="13" count="4" type="stmt"/>
      </file>
      <file name="EventList.jsx" path="C:\Users\fbada\Desktop\CF\WD\CF-ohletsmeet\src\components\EventList.jsx">
        <metrics statements="3" coveredstatements="3" conditionals="2" coveredconditionals="2" methods="2" coveredmethods="2"/>
        <line num="5" count="7" type="stmt"/>
        <line num="6" count="51" type="stmt"/>
        <line num="8" count="579" type="cond" truecount="2" falsecount="0"/>
      </file>
      <file name="Loader.jsx" path="C:\Users\fbada\Desktop\CF\WD\CF-ohletsmeet\src\components\Loader.jsx">
        <metrics statements="2" coveredstatements="2" conditionals="0" coveredconditionals="0" methods="1" coveredmethods="1"/>
        <line num="4" count="7" type="stmt"/>
        <line num="5" count="26" type="stmt"/>
      </file>
      <file name="NumberOfEvents.jsx" path="C:\Users\fbada\Desktop\CF\WD\CF-ohletsmeet\src\components\NumberOfEvents.jsx">
        <metrics statements="11" coveredstatements="11" conditionals="8" coveredconditionals="7" methods="2" coveredmethods="2"/>
        <line num="3" count="8" type="stmt"/>
        <line num="4" count="50" type="stmt"/>
        <line num="6" count="50" type="stmt"/>
        <line num="7" count="6" type="stmt"/>
        <line num="8" count="6" type="cond" truecount="4" falsecount="0"/>
        <line num="9" count="2" type="stmt"/>
        <line num="10" count="2" type="stmt"/>
        <line num="12" count="4" type="stmt"/>
        <line num="13" count="4" type="stmt"/>
        <line num="14" count="4" type="stmt"/>
        <line num="18" count="50" type="stmt"/>
      </file>
    </package>
  </project>
</coverage>
