{"C:\\Users\\fbada\\Desktop\\CF\\WD\\CF-ohletsmeet\\src\\App.jsx": {"path":"C:\\Users\\fbada\\Desktop\\CF\\WD\\CF-ohletsmeet\\src\\App.jsx","statementMap":{"0":{"start":{"line":13,"column":30},"end":{"line":13,"column":42}},"1":{"start":{"line":14,"column":46},"end":{"line":14,"column":58}},"2":{"start":{"line":15,"column":44},"end":{"line":15,"column":58}},"3":{"start":{"line":16,"column":40},"end":{"line":16,"column":66}},"4":{"start":{"line":18,"column":20},"end":{"line":25,"column":3}},"5":{"start":{"line":19,"column":22},"end":{"line":19,"column":39}},"6":{"start":{"line":20,"column":27},"end":{"line":22,"column":62}},"7":{"start":{"line":22,"column":31},"end":{"line":22,"column":61}},"8":{"start":{"line":23,"column":4},"end":{"line":23,"column":54}},"9":{"start":{"line":24,"column":4},"end":{"line":24,"column":48}},"10":{"start":{"line":27,"column":2},"end":{"line":29,"column":36}},"11":{"start":{"line":28,"column":4},"end":{"line":28,"column":15}},"12":{"start":{"line":31,"column":2},"end":{"line":37,"column":4}}},"fnMap":{"0":{"name":"App","decl":{"start":{"line":11,"column":9},"end":{"line":11,"column":12}},"loc":{"start":{"line":11,"column":15},"end":{"line":38,"column":1}},"line":11},"1":{"name":"(anonymous_1)","decl":{"start":{"line":18,"column":20},"end":{"line":18,"column":21}},"loc":{"start":{"line":18,"column":32},"end":{"line":25,"column":3}},"line":18},"2":{"name":"(anonymous_2)","decl":{"start":{"line":22,"column":22},"end":{"line":22,"column":23}},"loc":{"start":{"line":22,"column":31},"end":{"line":22,"column":61}},"line":22},"3":{"name":"(anonymous_3)","decl":{"start":{"line":27,"column":12},"end":{"line":27,"column":13}},"loc":{"start":{"line":27,"column":18},"end":{"line":29,"column":3}},"line":27}},"branchMap":{"0":{"loc":{"start":{"line":20,"column":27},"end":{"line":22,"column":62}},"type":"cond-expr","locations":[{"start":{"line":21,"column":5},"end":{"line":21,"column":14}},{"start":{"line":22,"column":5},"end":{"line":22,"column":62}}],"line":20}},"s":{"0":32,"1":30,"2":30,"3":30,"4":30,"5":17,"6":17,"7":35,"8":17,"9":17,"10":30,"11":17,"12":30},"f":{"0":32,"1":17,"2":35,"3":17},"b":{"0":[16,1]},"_coverageSchema":"1a1c01bbd47fc00a2c39e90264f33305004495a9","hash":"a480c0eb89674d02333fc9d33f82864a356e2504"}
,"C:\\Users\\fbada\\Desktop\\CF\\WD\\CF-ohletsmeet\\src\\mock-data.js": {"path":"C:\\Users\\fbada\\Desktop\\CF\\WD\\CF-ohletsmeet\\src\\mock-data.js","statementMap":{"0":{"start":{"line":3,"column":17},"end":{"line":1369,"column":4}}},"fnMap":{},"branchMap":{},"s":{"0":5},"f":{},"b":{},"_coverageSchema":"1a1c01bbd47fc00a2c39e90264f33305004495a9","hash":"64ca9bc5eeccd288e07af8019cc764e8ef496cb7"}
,"C:\\Users\\fbada\\Desktop\\CF\\WD\\CF-ohletsmeet\\src\\components\\CitySearch.jsx": {"path":"C:\\Users\\fbada\\Desktop\\CF\\WD\\CF-ohletsmeet\\src\\components\\CitySearch.jsx","statementMap":{"0":{"start":{"line":3,"column":19},"end":{"line":46,"column":1}},"1":{"start":{"line":4,"column":50},"end":{"line":4,"column":65}},"2":{"start":{"line":5,"column":30},"end":{"line":5,"column":42}},"3":{"start":{"line":6,"column":42},"end":{"line":6,"column":54}},"4":{"start":{"line":8,"column":4},"end":{"line":10,"column":39}},"5":{"start":{"line":9,"column":6},"end":{"line":9,"column":34}},"6":{"start":{"line":12,"column":31},"end":{"line":21,"column":7}},"7":{"start":{"line":13,"column":22},"end":{"line":13,"column":40}},"8":{"start":{"line":14,"column":34},"end":{"line":16,"column":15}},"9":{"start":{"line":15,"column":10},"end":{"line":15,"column":74}},"10":{"start":{"line":19,"column":8},"end":{"line":19,"column":24}},"11":{"start":{"line":20,"column":8},"end":{"line":20,"column":42}},"12":{"start":{"line":23,"column":32},"end":{"line":28,"column":7}},"13":{"start":{"line":24,"column":22},"end":{"line":24,"column":46}},"14":{"start":{"line":25,"column":8},"end":{"line":25,"column":24}},"15":{"start":{"line":26,"column":8},"end":{"line":26,"column":34}},"16":{"start":{"line":27,"column":8},"end":{"line":27,"column":30}},"17":{"start":{"line":30,"column":4},"end":{"line":45,"column":6}},"18":{"start":{"line":32,"column":103},"end":{"line":32,"column":127}},"19":{"start":{"line":36,"column":12},"end":{"line":36,"column":85}}},"fnMap":{"0":{"name":"(anonymous_0)","decl":{"start":{"line":3,"column":19},"end":{"line":3,"column":20}},"loc":{"start":{"line":3,"column":57},"end":{"line":46,"column":1}},"line":3},"1":{"name":"(anonymous_1)","decl":{"start":{"line":8,"column":14},"end":{"line":8,"column":15}},"loc":{"start":{"line":8,"column":20},"end":{"line":10,"column":5}},"line":8},"2":{"name":"(anonymous_2)","decl":{"start":{"line":12,"column":31},"end":{"line":12,"column":32}},"loc":{"start":{"line":12,"column":42},"end":{"line":21,"column":7}},"line":12},"3":{"name":"(anonymous_3)","decl":{"start":{"line":14,"column":69},"end":{"line":14,"column":70}},"loc":{"start":{"line":14,"column":83},"end":{"line":16,"column":9}},"line":14},"4":{"name":"(anonymous_4)","decl":{"start":{"line":23,"column":32},"end":{"line":23,"column":33}},"loc":{"start":{"line":23,"column":43},"end":{"line":28,"column":7}},"line":23},"5":{"name":"(anonymous_5)","decl":{"start":{"line":32,"column":97},"end":{"line":32,"column":98}},"loc":{"start":{"line":32,"column":103},"end":{"line":32,"column":127}},"line":32},"6":{"name":"(anonymous_6)","decl":{"start":{"line":35,"column":27},"end":{"line":35,"column":28}},"loc":{"start":{"line":35,"column":43},"end":{"line":37,"column":11}},"line":35}},"branchMap":{"0":{"loc":{"start":{"line":14,"column":34},"end":{"line":16,"column":15}},"type":"cond-expr","locations":[{"start":{"line":14,"column":49},"end":{"line":16,"column":10}},{"start":{"line":16,"column":13},"end":{"line":16,"column":15}}],"line":14},"1":{"loc":{"start":{"line":33,"column":7},"end":{"line":41,"column":13}},"type":"binary-expr","locations":[{"start":{"line":33,"column":7},"end":{"line":33,"column":22}},{"start":{"line":34,"column":8},"end":{"line":41,"column":13}}],"line":33}},"s":{"0":4,"1":81,"2":81,"3":81,"4":81,"5":19,"6":81,"7":18,"8":18,"9":36,"10":18,"11":18,"12":81,"13":2,"14":2,"15":2,"16":2,"17":81,"18":5,"19":26},"f":{"0":81,"1":19,"2":18,"3":36,"4":2,"5":5,"6":26},"b":{"0":[18,0],"1":[81,25]},"_coverageSchema":"1a1c01bbd47fc00a2c39e90264f33305004495a9","hash":"9568e4f424abcf6bcfff32993b011f68cf2e6261"}
,"C:\\Users\\fbada\\Desktop\\CF\\WD\\CF-ohletsmeet\\src\\components\\Event.jsx": {"path":"C:\\Users\\fbada\\Desktop\\CF\\WD\\CF-ohletsmeet\\src\\components\\Event.jsx","statementMap":{"0":{"start":{"line":3,"column":14},"end":{"line":21,"column":1}},"1":{"start":{"line":4,"column":42},"end":{"line":4,"column":57}},"2":{"start":{"line":5,"column":63},"end":{"line":5,"column":68}},"3":{"start":{"line":6,"column":25},"end":{"line":6,"column":30}},"4":{"start":{"line":9,"column":4},"end":{"line":20,"column":6}},"5":{"start":{"line":15,"column":49},"end":{"line":15,"column":77}}},"fnMap":{"0":{"name":"(anonymous_0)","decl":{"start":{"line":3,"column":14},"end":{"line":3,"column":15}},"loc":{"start":{"line":3,"column":29},"end":{"line":21,"column":1}},"line":3},"1":{"name":"(anonymous_1)","decl":{"start":{"line":15,"column":43},"end":{"line":15,"column":44}},"loc":{"start":{"line":15,"column":49},"end":{"line":15,"column":77}},"line":15}},"branchMap":{"0":{"loc":{"start":{"line":16,"column":13},"end":{"line":16,"column":58}},"type":"cond-expr","locations":[{"start":{"line":16,"column":27},"end":{"line":16,"column":41}},{"start":{"line":16,"column":44},"end":{"line":16,"column":58}}],"line":16},"1":{"loc":{"start":{"line":18,"column":9},"end":{"line":18,"column":99}},"type":"binary-expr","locations":[{"start":{"line":18,"column":9},"end":{"line":18,"column":20}},{"start":{"line":18,"column":24},"end":{"line":18,"column":99}}],"line":18}},"s":{"0":5,"1":357,"2":357,"3":357,"4":357,"5":3},"f":{"0":357,"1":3},"b":{"0":[2,355],"1":[357,2]},"_coverageSchema":"1a1c01bbd47fc00a2c39e90264f33305004495a9","hash":"18ca409e50031c736eab181c333f7003f6497f6c"}
,"C:\\Users\\fbada\\Desktop\\CF\\WD\\CF-ohletsmeet\\src\\components\\EventList.jsx": {"path":"C:\\Users\\fbada\\Desktop\\CF\\WD\\CF-ohletsmeet\\src\\components\\EventList.jsx","statementMap":{"0":{"start":{"line":5,"column":18},"end":{"line":11,"column":1}},"1":{"start":{"line":6,"column":2},"end":{"line":10,"column":4}},"2":{"start":{"line":8,"column":38},"end":{"line":8,"column":76}}},"fnMap":{"0":{"name":"(anonymous_0)","decl":{"start":{"line":5,"column":18},"end":{"line":5,"column":19}},"loc":{"start":{"line":5,"column":35},"end":{"line":11,"column":1}},"line":5},"1":{"name":"(anonymous_1)","decl":{"start":{"line":8,"column":29},"end":{"line":8,"column":30}},"loc":{"start":{"line":8,"column":38},"end":{"line":8,"column":76}},"line":8}},"branchMap":{"0":{"loc":{"start":{"line":8,"column":9},"end":{"line":8,"column":84}},"type":"cond-expr","locations":[{"start":{"line":8,"column":18},"end":{"line":8,"column":77}},{"start":{"line":8,"column":80},"end":{"line":8,"column":84}}],"line":8}},"s":{"0":4,"1":38,"2":346},"f":{"0":38,"1":346},"b":{"0":[33,5]},"_coverageSchema":"1a1c01bbd47fc00a2c39e90264f33305004495a9","hash":"45e9b4e595cf536481cdde02a4806a441b3b732c"}
,"C:\\Users\\fbada\\Desktop\\CF\\WD\\CF-ohletsmeet\\src\\components\\NumberOfEvents.jsx": {"path":"C:\\Users\\fbada\\Desktop\\CF\\WD\\CF-ohletsmeet\\src\\components\\NumberOfEvents.jsx","statementMap":{"0":{"start":{"line":3,"column":23},"end":{"line":19,"column":1}},"1":{"start":{"line":5,"column":4},"end":{"line":18,"column":6}},"2":{"start":{"line":15,"column":33},"end":{"line":15,"column":66}}},"fnMap":{"0":{"name":"(anonymous_0)","decl":{"start":{"line":3,"column":23},"end":{"line":3,"column":24}},"loc":{"start":{"line":3,"column":66},"end":{"line":19,"column":1}},"line":3},"1":{"name":"(anonymous_1)","decl":{"start":{"line":15,"column":26},"end":{"line":15,"column":27}},"loc":{"start":{"line":15,"column":33},"end":{"line":15,"column":66}},"line":15}},"branchMap":{},"s":{"0":4,"1":33,"2":8},"f":{"0":33,"1":8},"b":{},"_coverageSchema":"1a1c01bbd47fc00a2c39e90264f33305004495a9","hash":"0d67bfc03709fa0c2136f03960ee8b1b102b29a8"}
}
