TN:
SF:src\App.jsx
FN:11,App
FN:18,(anonymous_1)
FN:22,(anonymous_2)
FN:27,(anonymous_3)
FNF:4
FNH:4
FNDA:32,App
FNDA:17,(anonymous_1)
FNDA:35,(anonymous_2)
FNDA:17,(anonymous_3)
DA:13,32
DA:14,30
DA:15,30
DA:16,30
DA:18,30
DA:19,17
DA:20,17
DA:22,35
DA:23,17
DA:24,17
DA:27,30
DA:28,17
DA:31,30
LF:13
LH:13
BRDA:20,0,0,16
BRDA:20,0,1,1
BRF:2
BRH:2
end_of_record
TN:
SF:src\mock-data.js
FNF:0
FNH:0
DA:3,5
LF:1
LH:1
BRF:0
BRH:0
end_of_record
TN:
SF:src\components\CitySearch.jsx
FN:3,(anonymous_0)
FN:8,(anonymous_1)
FN:12,(anonymous_2)
FN:14,(anonymous_3)
FN:23,(anonymous_4)
FN:32,(anonymous_5)
FN:35,(anonymous_6)
FNF:7
FNH:7
FNDA:81,(anonymous_0)
FNDA:19,(anonymous_1)
FNDA:18,(anonymous_2)
FNDA:36,(anonymous_3)
FNDA:2,(anonymous_4)
FNDA:5,(anonymous_5)
FNDA:26,(anonymous_6)
DA:3,4
DA:4,81
DA:5,81
DA:6,81
DA:8,81
DA:9,19
DA:12,81
DA:13,18
DA:14,18
DA:15,36
DA:19,18
DA:20,18
DA:23,81
DA:24,2
DA:25,2
DA:26,2
DA:27,2
DA:30,81
DA:32,5
DA:36,26
LF:20
LH:20
BRDA:14,0,0,18
BRDA:14,0,1,0
BRDA:33,1,0,81
BRDA:33,1,1,25
BRF:4
BRH:3
end_of_record
TN:
SF:src\components\Event.jsx
FN:3,(anonymous_0)
FN:15,(anonymous_1)
FNF:2
FNH:2
FNDA:357,(anonymous_0)
FNDA:3,(anonymous_1)
DA:3,5
DA:4,357
DA:5,357
DA:6,357
DA:9,357
DA:15,3
LF:6
LH:6
BRDA:16,0,0,2
BRDA:16,0,1,355
BRDA:18,1,0,357
BRDA:18,1,1,2
BRF:4
BRH:4
end_of_record
TN:
SF:src\components\EventList.jsx
FN:5,(anonymous_0)
FN:8,(anonymous_1)
FNF:2
FNH:2
FNDA:38,(anonymous_0)
FNDA:346,(anonymous_1)
DA:5,4
DA:6,38
DA:8,346
LF:3
LH:3
BRDA:8,0,0,33
BRDA:8,0,1,5
BRF:2
BRH:2
end_of_record
TN:
SF:src\components\NumberOfEvents.jsx
FN:3,(anonymous_0)
FN:15,(anonymous_1)
FNF:2
FNH:2
FNDA:33,(anonymous_0)
FNDA:8,(anonymous_1)
DA:3,4
DA:5,33
DA:15,8
LF:3
LH:3
BRF:0
BRH:0
end_of_record
