TN:
SF:src\App.jsx
FN:12,App
FN:23,(anonymous_1)
FN:27,(anonymous_2)
FN:32,(anonymous_3)
FN:33,(anonymous_4)
FN:38,(anonymous_5)
FNF:6
FNH:6
FNDA:57,App
FNDA:29,(anonymous_1)
FNDA:70,(anonymous_2)
FNDA:29,(anonymous_3)
FNDA:1,(anonymous_4)
FNDA:29,(anonymous_5)
DA:14,57
DA:15,53
DA:16,53
DA:17,53
DA:18,53
DA:23,53
DA:24,29
DA:25,29
DA:27,70
DA:28,29
DA:29,29
DA:32,53
DA:33,29
DA:34,1
DA:38,53
DA:39,29
DA:40,29
DA:43,53
LF:18
LH:18
BRDA:25,0,0,27
BRDA:25,0,1,2
BRDA:45,1,0,53
BRDA:45,1,1,52
BRF:4
BRH:4
end_of_record
TN:
SF:src\mock-data.js
FNF:0
FNH:0
DA:3,9
LF:1
LH:1
BRF:0
BRH:0
end_of_record
TN:
SF:src\components\CitySearch.jsx
FN:3,(anonymous_0)
FN:8,(anonymous_1)
FN:12,(anonymous_2)
FN:14,(anonymous_3)
FN:22,(anonymous_4)
FN:31,(anonymous_5)
FN:34,(anonymous_6)
FNF:7
FNH:7
FNDA:193,(anonymous_0)
FNDA:47,(anonymous_1)
FNDA:60,(anonymous_2)
FNDA:108,(anonymous_3)
FNDA:6,(anonymous_4)
FNDA:12,(anonymous_5)
FNDA:74,(anonymous_6)
DA:3,8
DA:4,193
DA:5,193
DA:6,193
DA:8,193
DA:9,47
DA:12,193
DA:13,60
DA:14,60
DA:15,108
DA:18,60
DA:19,60
DA:22,193
DA:23,6
DA:24,6
DA:25,6
DA:26,6
DA:29,193
DA:31,12
DA:35,74
LF:20
LH:20
BRDA:9,0,0,28
BRDA:9,0,1,19
BRDA:14,1,0,54
BRDA:14,1,1,6
BRDA:32,2,0,193
BRDA:32,2,1,74
BRF:6
BRH:6
end_of_record
TN:
SF:src\components\Event.jsx
FN:3,(anonymous_0)
FN:13,(anonymous_1)
FNF:2
FNH:2
FNDA:699,(anonymous_0)
FNDA:4,(anonymous_1)
DA:3,9
DA:4,699
DA:5,699
DA:8,699
DA:13,4
LF:5
LH:5
BRDA:14,0,0,3
BRDA:14,0,1,696
BRDA:16,1,0,699
BRDA:16,1,1,3
BRF:4
BRH:4
end_of_record
TN:
SF:src\components\EventList.jsx
FN:5,(anonymous_0)
FN:8,(anonymous_1)
FNF:2
FNH:2
FNDA:61,(anonymous_0)
FNDA:686,(anonymous_1)
DA:5,8
DA:6,61
DA:8,686
LF:3
LH:3
BRDA:8,0,0,56
BRDA:8,0,1,5
BRF:2
BRH:2
end_of_record
TN:
SF:src\components\Loader.jsx
FN:4,(anonymous_0)
FNF:1
FNH:1
FNDA:53,(anonymous_0)
DA:4,8
DA:5,53
LF:2
LH:2
BRF:0
BRH:0
end_of_record
TN:
SF:src\components\NumberOfEvents.jsx
FN:3,(anonymous_0)
FN:16,(anonymous_1)
FNF:2
FNH:2
FNDA:56,(anonymous_0)
FNDA:9,(anonymous_1)
DA:3,8
DA:5,56
DA:16,9
LF:3
LH:3
BRF:0
BRH:0
end_of_record
